<?xml version="1.0" encoding="UTF-8"?>
<!-- Generated by org.testng.reporters.JUnitReportReporter -->
<testsuite hostname="PUNITP350187D" name="Parallel_Testing.Parallel_Testing.Test1" tests="1" failures="0" timestamp="25 Sep 2018 11:15:05 GMT" time="4.825" errors="0">
  <testcase name="verifyGooglePageTittle" time="4.825" classname="Parallel_Testing.Parallel_Testing.Test1"/>
</testsuite> <!-- Parallel_Testing.Parallel_Testing.Test1 -->
